<?xml version="1.0" encoding="UTF-8"?>
<testsuite xmlns:xsi="http://www.w3.org/2001/XMLSchema-instance" xsi:noNamespaceSchemaLocation="https://maven.apache.org/surefire/maven-surefire-plugin/xsd/surefire-test-report-3.0.xsd" version="3.0" name="Control.TaxCalculatorTest" time="0.44" tests="2" errors="0" skipped="0" failures="0">
  <properties>
[...]
</properties>
  <testcase name="testCalculateIvaWithValidInput" classname="Control.TaxCalculatorTest" time="0.267">
    <system-out><![CDATA[calculateIva
]]></system-out>
  </testcase>
  <testcase name="testCalculateIvaWithInvalidInput" classname="Control.TaxCalculatorTest" time="0.011">
    <system-out><![CDATA[calculateIva
]]></system-out>
  </testcase>
</testsuite>